AndroidPlatformFactory.RegisterBuildPlatforms: UnrealBuildTool.AndroidPlatformSDK has no valid SDK
IOSPlatformFactory.RegisterBuildPlatforms: UnrealBuildTool.IOSPlatformSDK has no valid SDK
LinuxPlatformFactory.RegisterBuildPlatforms: UnrealBuildTool.LinuxPlatformSDK has no valid SDK
WindowsPlatformFactory.RegisterBuildPlatforms: UnrealBuildTool.WindowsPlatformSDK using manually installed SDK
ProjectFileGenerator.GenerateProjectFiles: Discovering modules, targets and source code for project...
WindowsPlatform.FindVisualStudioInstallations: Found Visual Studio installation: C:\Program Files (x86)\Microsoft Visual Studio\2019\Community (Product=Microsoft.VisualStudio.Product.Community, Version=16.11.32228.343)
WindowsPlatform.FindVisualStudioToolChains: Found Visual Studio toolchain: C:\Program Files (x86)\Microsoft Visual Studio\2019\Community\VC\Tools\MSVC\14.29.30133 (Version=14.29.30141)
WindowsPlatform.EnumerateSdkRootDirs: Found Windows 10 SDK root at C:\Program Files (x86)\Windows Kits\10 (1)
WindowsPlatform.EnumerateSdkRootDirs: Found Windows 10 SDK root at C:\Program Files (x86)\Windows Kits\10 (2)
WindowsPlatform.UpdateCachedWindowsSdks: Found Windows 10 SDK version 10.0.19041.0 at C:\Program Files (x86)\Windows Kits\10
WindowsPlatform.UpdateCachedWindowsSdks: Found Universal CRT version 10.0.19041.0 at C:\Program Files (x86)\Windows Kits\10
UnrealBuildTool.Main: ERROR: Could not find NetFxSDK install dir; this will prevent SwarmInterface from installing.  Install a version of .NET Framework SDK at 4.6.0 or higher.
UnrealBuildTool.Main: BuildException: Could not find NetFxSDK install dir; this will prevent SwarmInterface from installing.  Install a version of .NET Framework SDK at 4.6.0 or higher.
UnrealBuildTool.Main:    à UnrealBuildTool.VCEnvironment.SetupEnvironment(UnrealTargetPlatform Platform) dans D:\Build\++UE4\Sync\Engine\Source\Programs\UnrealBuildTool\Platform\Windows\VCEnvironment.cs:ligne 446
UnrealBuildTool.Main:    à UnrealBuildTool.VCEnvironment..ctor(UnrealTargetPlatform Platform, WindowsCompiler Compiler, DirectoryReference CompilerDir, VersionNumber CompilerVersion, WindowsArchitecture Architecture, WindowsCompiler ToolChain, DirectoryReference ToolChainDir, VersionNumber ToolChainVersion, DirectoryReference WindowsSdkDir, VersionNumber WindowsSdkVersion) dans D:\Build\++UE4\Sync\Engine\Source\Programs\UnrealBuildTool\Platform\Windows\VCEnvironment.cs:ligne 136
UnrealBuildTool.Main:    à UnrealBuildTool.VCEnvironment.Create(WindowsCompiler Compiler, UnrealTargetPlatform Platform, WindowsArchitecture Architecture, String CompilerVersion, String WindowsSdkVersion, String SuppliedSdkDirectoryForVersion) dans D:\Build\++UE4\Sync\Engine\Source\Programs\UnrealBuildTool\Platform\Windows\VCEnvironment.cs:ligne 541
UnrealBuildTool.Main:    à UnrealBuildTool.WindowsPlatform.CreateVCEnvironment(TargetRules Target) dans D:\Build\++UE4\Sync\Engine\Source\Programs\UnrealBuildTool\Platform\Windows\UEBuildWindows.cs:ligne 770
UnrealBuildTool.Main:    à UnrealBuildTool.WindowsPlatform.ValidateTarget(TargetRules Target) dans D:\Build\++UE4\Sync\Engine\Source\Programs\UnrealBuildTool\Platform\Windows\UEBuildWindows.cs:ligne 852
UnrealBuildTool.Main:    à UnrealBuildTool.RulesAssembly.CreateTargetRulesInstance(String TypeName, TargetInfo TargetInfo) dans D:\Build\++UE4\Sync\Engine\Source\Programs\UnrealBuildTool\System\RulesAssembly.cs:ligne 599
UnrealBuildTool.Main:    à UnrealBuildTool.RulesAssembly.CreateTargetRules(String TargetName, UnrealTargetPlatform Platform, UnrealTargetConfiguration Configuration, String Architecture, FileReference ProjectFile, CommandLineArguments Arguments) dans D:\Build\++UE4\Sync\Engine\Source\Programs\UnrealBuildTool\System\RulesAssembly.cs:ligne 659
UnrealBuildTool.Main:    à UnrealBuildTool.ProjectFileGenerator.AddProjectsForAllTargets(PlatformProjectGeneratorCollection PlatformProjectGenerators, List`1 AllGames, List`1 AllTargetFiles, String[] Arguments, ProjectFile& EngineProject, ProjectFile& EnterpriseProject, List`1& GameProjects, Dictionary`2& ProgramProjects) dans D:\Build\++UE4\Sync\Engine\Source\Programs\UnrealBuildTool\ProjectFiles\ProjectFileGenerator.cs:ligne 2318
UnrealBuildTool.Main:    à UnrealBuildTool.ProjectFileGenerator.GenerateProjectFiles(PlatformProjectGeneratorCollection PlatformProjectGenerators, String[] Arguments) dans D:\Build\++UE4\Sync\Engine\Source\Programs\UnrealBuildTool\ProjectFiles\ProjectFileGenerator.cs:ligne 753
UnrealBuildTool.Main:    à UnrealBuildTool.GenerateProjectFilesMode.Execute(CommandLineArguments Arguments) dans D:\Build\++UE4\Sync\Engine\Source\Programs\UnrealBuildTool\Modes\GenerateProjectFilesMode.cs:ligne 204
UnrealBuildTool.Main:    à UnrealBuildTool.UnrealBuildTool.Main(String[] ArgumentsArray) dans D:\Build\++UE4\Sync\Engine\Source\Programs\UnrealBuildTool\UnrealBuildTool.cs:ligne 550
Timeline.Print: Timeline:
Timeline.Print: 
Timeline.Print: [ 0.000]
Timeline.Print: [ 0.000](+0.053) <unknown>
Timeline.Print: [ 0.053](+0.130) XmlConfig.ReadConfigFiles()
Timeline.Print: [ 0.184](+0.000) SingleInstanceMutex.Acquire()
Timeline.Print: [ 0.184](+0.078) UEBuildPlatform.RegisterPlatforms()
Timeline.Print:   0.185          [ 0.000](+0.039) Initializing InstalledPlatformInfo
Timeline.Print:   0.224          [ 0.040](+0.000) Querying types
Timeline.Print:   0.226          [ 0.042](+0.002) MacPlatformFactory
Timeline.Print:   0.229          [ 0.045](+0.000) TVOSPlatformFactory
Timeline.Print:   0.229          [ 0.045](+0.021) AndroidPlatformFactory
Timeline.Print:   0.251          [ 0.066](+0.000) HoloLensPlatformFactory
Timeline.Print:   0.251          [ 0.067](+0.003) IOSPlatformFactory
Timeline.Print:   0.255          [ 0.070](+0.005) LinuxPlatformFactory
Timeline.Print:   0.260          [ 0.076](+0.000) LuminPlatformFactory
Timeline.Print:   0.260          [ 0.076](+0.001) WindowsPlatformFactory
Timeline.Print: [ 0.262](+0.397) <unknown>
Timeline.Print: [ 0.660](+0.002) Finding engine modules
Timeline.Print: [ 0.663](+0.005) Finding plugin modules
Timeline.Print: [ 0.668](+0.041) <unknown>
Timeline.Print: [ 0.710](+0.000) Finding program modules
Timeline.Print: [ 0.710](+0.000) Finding program targets
Timeline.Print: [ 0.710](+0.090) <unknown>
Timeline.Print: [ 0.800](+0.000) FileMetadataPrefetch.Stop()
Timeline.Print: [ 0.803]
