AndroidPlatformFactory.RegisterBuildPlatforms: UnrealBuildTool.AndroidPlatformSDK has no valid SDK
IOSPlatformFactory.RegisterBuildPlatforms: UnrealBuildTool.IOSPlatformSDK has no valid SDK
LinuxPlatformFactory.RegisterBuildPlatforms: UnrealBuildTool.LinuxPlatformSDK has no valid SDK
WindowsPlatformFactory.RegisterBuildPlatforms: UnrealBuildTool.WindowsPlatformSDK using manually installed SDK
ProjectFileGenerator.GenerateProjectFiles: Discovering modules, targets and source code for project...
WindowsPlatform.FindVisualStudioInstallations: Found Visual Studio installation: C:\Program Files (x86)\Microsoft Visual Studio\2019\Community (Product=Microsoft.VisualStudio.Product.Community, Version=16.11.32106.194)
WindowsPlatform.FindVisualStudioToolChains: Found Visual Studio toolchain: C:\Program Files (x86)\Microsoft Visual Studio\2019\Community\VC\Tools\MSVC\14.29.30133 (Version=14.29.30139)
WindowsPlatform.EnumerateSdkRootDirs: Found Windows 10 SDK root at C:\Program Files (x86)\Windows Kits\10 (1)
WindowsPlatform.EnumerateSdkRootDirs: Found Windows 10 SDK root at C:\Program Files (x86)\Windows Kits\10 (2)
WindowsPlatform.UpdateCachedWindowsSdks: Found Windows 10 SDK version 10.0.19041.0 at C:\Program Files (x86)\Windows Kits\10
WindowsPlatform.UpdateCachedWindowsSdks: Found Universal CRT version 10.0.19041.0 at C:\Program Files (x86)\Windows Kits\10
UnrealBuildTool.Main: ERROR: Could not find NetFxSDK install dir; this will prevent SwarmInterface from installing.  Install a version of .NET Framework SDK at 4.6.0 or higher.
UnrealBuildTool.Main: BuildException: Could not find NetFxSDK install dir; this will prevent SwarmInterface from installing.  Install a version of .NET Framework SDK at 4.6.0 or higher.
UnrealBuildTool.Main:    à UnrealBuildTool.VCEnvironment.SetupEnvironment(UnrealTargetPlatform Platform) dans D:\Build\++UE4\Sync\Engine\Source\Programs\UnrealBuildTool\Platform\Windows\VCEnvironment.cs:ligne 446
UnrealBuildTool.Main:    à UnrealBuildTool.VCEnvironment..ctor(UnrealTargetPlatform Platform, WindowsCompiler Compiler, DirectoryReference CompilerDir, VersionNumber CompilerVersion, WindowsArchitecture Architecture, WindowsCompiler ToolChain, DirectoryReference ToolChainDir, VersionNumber ToolChainVersion, DirectoryReference WindowsSdkDir, VersionNumber WindowsSdkVersion) dans D:\Build\++UE4\Sync\Engine\Source\Programs\UnrealBuildTool\Platform\Windows\VCEnvironment.cs:ligne 136
UnrealBuildTool.Main:    à UnrealBuildTool.VCEnvironment.Create(WindowsCompiler Compiler, UnrealTargetPlatform Platform, WindowsArchitecture Architecture, String CompilerVersion, String WindowsSdkVersion, String SuppliedSdkDirectoryForVersion) dans D:\Build\++UE4\Sync\Engine\Source\Programs\UnrealBuildTool\Platform\Windows\VCEnvironment.cs:ligne 541
UnrealBuildTool.Main:    à UnrealBuildTool.WindowsPlatform.CreateVCEnvironment(TargetRules Target) dans D:\Build\++UE4\Sync\Engine\Source\Programs\UnrealBuildTool\Platform\Windows\UEBuildWindows.cs:ligne 770
UnrealBuildTool.Main:    à UnrealBuildTool.WindowsPlatform.ValidateTarget(TargetRules Target) dans D:\Build\++UE4\Sync\Engine\Source\Programs\UnrealBuildTool\Platform\Windows\UEBuildWindows.cs:ligne 852
UnrealBuildTool.Main:    à UnrealBuildTool.RulesAssembly.CreateTargetRulesInstance(String TypeName, TargetInfo TargetInfo) dans D:\Build\++UE4\Sync\Engine\Source\Programs\UnrealBuildTool\System\RulesAssembly.cs:ligne 599
UnrealBuildTool.Main:    à UnrealBuildTool.RulesAssembly.CreateTargetRules(String TargetName, UnrealTargetPlatform Platform, UnrealTargetConfiguration Configuration, String Architecture, FileReference ProjectFile, CommandLineArguments Arguments) dans D:\Build\++UE4\Sync\Engine\Source\Programs\UnrealBuildTool\System\RulesAssembly.cs:ligne 659
UnrealBuildTool.Main:    à UnrealBuildTool.ProjectFileGenerator.AddProjectsForAllTargets(PlatformProjectGeneratorCollection PlatformProjectGenerators, List`1 AllGames, List`1 AllTargetFiles, String[] Arguments, ProjectFile& EngineProject, ProjectFile& EnterpriseProject, List`1& GameProjects, Dictionary`2& ProgramProjects) dans D:\Build\++UE4\Sync\Engine\Source\Programs\UnrealBuildTool\ProjectFiles\ProjectFileGenerator.cs:ligne 2318
UnrealBuildTool.Main:    à UnrealBuildTool.ProjectFileGenerator.GenerateProjectFiles(PlatformProjectGeneratorCollection PlatformProjectGenerators, String[] Arguments) dans D:\Build\++UE4\Sync\Engine\Source\Programs\UnrealBuildTool\ProjectFiles\ProjectFileGenerator.cs:ligne 753
UnrealBuildTool.Main:    à UnrealBuildTool.GenerateProjectFilesMode.Execute(CommandLineArguments Arguments) dans D:\Build\++UE4\Sync\Engine\Source\Programs\UnrealBuildTool\Modes\GenerateProjectFilesMode.cs:ligne 204
UnrealBuildTool.Main:    à UnrealBuildTool.UnrealBuildTool.Main(String[] ArgumentsArray) dans D:\Build\++UE4\Sync\Engine\Source\Programs\UnrealBuildTool\UnrealBuildTool.cs:ligne 550
Timeline.Print: Timeline:
Timeline.Print: 
Timeline.Print: [ 0.000]
Timeline.Print: [ 0.000](+0.056) <unknown>
Timeline.Print: [ 0.056](+0.131) XmlConfig.ReadConfigFiles()
Timeline.Print: [ 0.188](+0.000) SingleInstanceMutex.Acquire()
Timeline.Print: [ 0.188](+0.085) UEBuildPlatform.RegisterPlatforms()
Timeline.Print:   0.189          [ 0.001](+0.042) Initializing InstalledPlatformInfo
Timeline.Print:   0.231          [ 0.043](+0.000) Querying types
Timeline.Print:   0.233          [ 0.045](+0.002) MacPlatformFactory
Timeline.Print:   0.235          [ 0.047](+0.000) TVOSPlatformFactory
Timeline.Print:   0.236          [ 0.047](+0.027) AndroidPlatformFactory
Timeline.Print:   0.264          [ 0.075](+0.000) HoloLensPlatformFactory
Timeline.Print:   0.264          [ 0.076](+0.003) IOSPlatformFactory
Timeline.Print:   0.268          [ 0.080](+0.004) LinuxPlatformFactory
Timeline.Print:   0.272          [ 0.084](+0.000) LuminPlatformFactory
Timeline.Print:   0.272          [ 0.084](+0.000) WindowsPlatformFactory
Timeline.Print: [ 0.273](+0.380) <unknown>
Timeline.Print: [ 0.654](+0.002) Finding engine modules
Timeline.Print: [ 0.656](+0.003) Finding plugin modules
Timeline.Print: [ 0.660](+0.041) <unknown>
Timeline.Print: [ 0.701](+0.000) Finding program modules
Timeline.Print: [ 0.701](+0.000) Finding program targets
Timeline.Print: [ 0.701](+0.088) <unknown>
Timeline.Print: [ 0.789](+0.000) FileMetadataPrefetch.Stop()
Timeline.Print: [ 0.792]
